<?xml version="1.0" encoding="UTF-8"?>
<!-- Generated by org.testng.reporters.JUnitReportReporter -->
<testsuite skipped="0" hostname="Alistair" name="googleSheetPages.TestGoogleSheetPages" tests="1" failures="0" timestamp="25 Jan 2018 22:52:39 GMT" time="13.785" errors="1">
  <testcase name="amzTS05TC01" time="13.785" classname="googleSheetPages.TestGoogleSheetPages">
    <error type="com.google.api.client.auth.oauth2.TokenResponseException" message="401 Unauthorized">
      <![CDATA[com.google.api.client.auth.oauth2.TokenResponseException: 401 Unauthorizedat com.google.api.client.auth.oauth2.TokenResponseException.from(TokenResponseException.java:105)at com.google.api.client.auth.oauth2.TokenRequest.executeUnparsed(TokenRequest.java:287)at com.google.api.client.auth.oauth2.TokenRequest.execute(TokenRequest.java:307)at com.google.api.client.auth.oauth2.Credential.executeRefreshToken(Credential.java:570)at com.google.api.client.auth.oauth2.Credential.refreshToken(Credential.java:489)at com.google.api.client.auth.oauth2.Credential.intercept(Credential.java:217)at com.google.api.client.http.HttpRequest.execute(HttpRequest.java:868)at com.google.api.client.googleapis.services.AbstractGoogleClientRequest.executeUnparsed(AbstractGoogleClientRequest.java:419)at com.google.api.client.googleapis.services.AbstractGoogleClientRequest.executeUnparsed(AbstractGoogleClientRequest.java:352)at com.google.api.client.googleapis.services.AbstractGoogleClientRequest.execute(AbstractGoogleClientRequest.java:469)at googleSheetPage.GoogleSheets.getSpreadSheetRecords(GoogleSheets.java:20)at googleSheetPage.GoogleSheets.searchItemByName(GoogleSheets.java:29)at googleSheetPages.TestGoogleSheetPages.amzTS05TC01(TestGoogleSheetPages.java:18)at sun.reflect.NativeMethodAccessorImpl.invoke0(Native Method)at sun.reflect.NativeMethodAccessorImpl.invoke(NativeMethodAccessorImpl.java:62)at sun.reflect.DelegatingMethodAccessorImpl.invoke(DelegatingMethodAccessorImpl.java:43)at java.lang.reflect.Method.invoke(Method.java:498)at org.testng.internal.MethodInvocationHelper.invokeMethod(MethodInvocationHelper.java:124)at org.testng.internal.Invoker.invokeMethod(Invoker.java:571)at org.testng.internal.Invoker.invokeTestMethod(Invoker.java:707)at org.testng.internal.Invoker.invokeTestMethods(Invoker.java:979)at org.testng.internal.TestMethodWorker.invokeTestMethods(TestMethodWorker.java:125)at org.testng.internal.TestMethodWorker.run(TestMethodWorker.java:109)at org.testng.TestRunner.privateRun(TestRunner.java:648)at org.testng.TestRunner.run(TestRunner.java:505)at org.testng.SuiteRunner.runTest(SuiteRunner.java:455)at org.testng.SuiteRunner.runSequentially(SuiteRunner.java:450)at org.testng.SuiteRunner.privateRun(SuiteRunner.java:415)at org.testng.SuiteRunner.run(SuiteRunner.java:364)at org.testng.SuiteRunnerWorker.runSuite(SuiteRunnerWorker.java:52)at org.testng.SuiteRunnerWorker.run(SuiteRunnerWorker.java:84)at org.testng.TestNG.runSuitesSequentially(TestNG.java:1187)at org.testng.TestNG.runSuitesLocally(TestNG.java:1116)at org.testng.TestNG.runSuites(TestNG.java:1028)at org.testng.TestNG.run(TestNG.java:996)at org.testng.IDEARemoteTestNG.run(IDEARemoteTestNG.java:72)at org.testng.RemoteTestNGStarter.main(RemoteTestNGStarter.java:123)]]>
    </error>
  </testcase> <!-- amzTS05TC01 -->
</testsuite> <!-- googleSheetPages.TestGoogleSheetPages -->
