<?xml version="1.0" encoding="UTF-8"?>
<!-- Generated by org.testng.reporters.JUnitReportReporter -->
<testsuite skipped="0" hostname="Alistair" name="testCases.TestPersonalPage" tests="35" failures="0" timestamp="25 Jan 2018 22:47:53 GMT" time="369.223" errors="0">
  <testcase name="testFindDoctor" time="14.772" classname="testCases.TestPersonalPage"/>
  <testcase name="testIndividualFamilyPlan" time="9.483" classname="testCases.TestPersonalPage"/>
  <testcase name="testSearchBar" time="13.461" classname="testCases.TestPersonalPage"/>
  <testcase name="testCignaMedicare" time="16.504" classname="testCases.TestPersonalPage"/>
  <testcase name="testInternationalIndividualPlan" time="9.386" classname="testCases.TestPersonalPage"/>
  <testcase name="testOfferCignaThroughWork" time="9.319" classname="testCases.TestPersonalPage"/>
  <testcase name="testHealthWellness" time="9.939" classname="testCases.TestPersonalPage"/>
  <testcase name="testMainLogo" time="10.502" classname="testCases.TestPersonalPage"/>
  <testcase name="testMoreInformation" time="10.501" classname="testCases.TestPersonalPage"/>
  <testcase name="testViewDetails" time="10.543" classname="testCases.TestPersonalPage"/>
  <testcase name="testSeeVideo" time="9.704" classname="testCases.TestPersonalPage"/>
  <testcase name="testHearWhatYouNeed" time="10.068" classname="testCases.TestPersonalPage"/>
  <testcase name="testDownloadAPP" time="16.760" classname="testCases.TestPersonalPage"/>
  <testcase name="testListenNow" time="10.435" classname="testCases.TestPersonalPage"/>
  <testcase name="testReadMore" time="10.234" classname="testCases.TestPersonalPage"/>
  <testcase name="testNews" time="9.605" classname="testCases.TestPersonalPage"/>
  <testcase name="testInvestors" time="10.548" classname="testCases.TestPersonalPage"/>
  <testcase name="testCoperate" time="10.608" classname="testCases.TestPersonalPage"/>
  <testcase name="testFindADoctor" time="9.743" classname="testCases.TestPersonalPage"/>
  <testcase name="testInformedOnReport" time="9.506" classname="testCases.TestPersonalPage"/>
  <testcase name="testMopileApp" time="10.169" classname="testCases.TestPersonalPage"/>
  <testcase name="testContactAs" time="9.292" classname="testCases.TestPersonalPage"/>
  <testcase name="testFeedback" time="9.310" classname="testCases.TestPersonalPage"/>
  <testcase name="testLinkedin" time="9.896" classname="testCases.TestPersonalPage"/>
  <testcase name="testFacebook" time="9.857" classname="testCases.TestPersonalPage"/>
  <testcase name="testTwitter" time="10.280" classname="testCases.TestPersonalPage"/>
  <testcase name="testYoutube" time="9.741" classname="testCases.TestPersonalPage"/>
  <testcase name="testGoogle" time="9.883" classname="testCases.TestPersonalPage"/>
  <testcase name="testPinIntrest" time="9.573" classname="testCases.TestPersonalPage"/>
  <testcase name="testWeibo" time="10.145" classname="testCases.TestPersonalPage"/>
  <testcase name="testInstragram" time="10.448" classname="testCases.TestPersonalPage"/>
  <testcase name="testViewAll" time="10.182" classname="testCases.TestPersonalPage"/>
  <testcase name="testNorton" time="9.593" classname="testCases.TestPersonalPage"/>
  <testcase name="testFeedbackSideLink" time="9.776" classname="testCases.TestPersonalPage"/>
  <testcase name="testSign" time="9.457" classname="testCases.TestPersonalPage"/>
</testsuite> <!-- testCases.TestPersonalPage -->
