<?xml version="1.0" encoding="UTF-8"?>
<!-- Generated by org.testng.reporters.JUnitReportReporter -->
<testsuite skipped="0" hostname="Alistair" name="testCases.TestLoginPage" tests="2" failures="0" timestamp="25 Jan 2018 22:51:43 GMT" time="41.891" errors="0">
  <testcase name="loginButton" time="15.663" classname="testCases.TestLoginPage"/>
  <testcase name="regrister1" time="26.228" classname="testCases.TestLoginPage"/>
</testsuite> <!-- testCases.TestLoginPage -->
