<?xml version="1.0" encoding="UTF-8"?>
<!-- Generated by org.testng.reporters.JUnitReportReporter -->
<testsuite skipped="0" hostname="Alistair" name="features.TestFeatures$FeatureTest" tests="1" failures="0" timestamp="23 Jan 2018 15:08:53 GMT" time="0.020" errors="0">
  <testcase name="testFeatures" time="0.020" classname="features.TestFeatures$FeatureTest"/>
</testsuite> <!-- features.TestFeatures$FeatureTest -->
