<?xml version="1.0" encoding="UTF-8"?>
<!-- Generated by org.testng.reporters.JUnitReportReporter -->
<testsuite skipped="0" hostname="DESKTOP-N7G69G5" name="testLoginPageObjects.testLoginPage" tests="1" failures="0" timestamp="25 Jan 2018 05:19:53 GMT" time="15.302" errors="0">
  <testcase name="testInvalidEmailInvalidPassword" time="15.302" classname="testLoginPageObjects.testLoginPage"/>
</testsuite> <!-- testLoginPageObjects.testLoginPage -->
