<?xml version="1.0" encoding="UTF-8"?>
<!-- Generated by org.testng.reporters.JUnitReportReporter -->
<testsuite skipped="0" hostname="DESKTOP-N7G69G5" name="testSettingsPageObjects.testSettingsPage" tests="3" failures="0" timestamp="27 Jan 2018 04:58:20 GMT" time="30.921" errors="0">
  <testcase name="testTrackTwitterCheckBox" time="11.485" classname="testSettingsPageObjects.testSettingsPage"/>
  <testcase name="testPersonlizeCheckBox" time="9.959" classname="testSettingsPageObjects.testSettingsPage"/>
  <testcase name="testPersonlizeDevicesCheckBox" time="9.477" classname="testSettingsPageObjects.testSettingsPage"/>
</testsuite> <!-- testSettingsPageObjects.testSettingsPage -->
