<?xml version="1.0" encoding="UTF-8"?>
<!-- Generated by org.testng.reporters.JUnitReportReporter -->
<testsuite skipped="0" hostname="DESKTOP-N7G69G5" name="testHomePageObjects.TestHomePage" tests="5" failures="0" timestamp="27 Jan 2018 04:58:21 GMT" time="65.617" errors="0">
  <testcase name="testHeroImage" time="23.033" classname="testHomePageObjects.TestHomePage"/>
  <testcase name="testHomePageText" time="10.821" classname="testHomePageObjects.TestHomePage"/>
  <testcase name="testBlogLink" time="10.263" classname="testHomePageObjects.TestHomePage"/>
  <testcase name="testHelpCenterLink" time="6.461" classname="testHomePageObjects.TestHomePage"/>
  <testcase name="verifyTotalLinksHomePage" time="15.039" classname="testHomePageObjects.TestHomePage"/>
</testsuite> <!-- testHomePageObjects.TestHomePage -->
