<?xml version="1.0" encoding="UTF-8"?>
<!-- Generated by org.testng.reporters.JUnitReportReporter -->
<<<<<<< HEAD
<testsuite skipped="1" hostname="Jahid" name="testLoginPageObjects.testLoginPage" tests="1" failures="0" timestamp="26 Jan 2018 22:52:12 GMT" time="0.000" errors="0">
  <testcase name="testInvalidEmailInvalidPassword" time="0.000" classname="testLoginPageObjects.testLoginPage">
    <skipped/>
  </testcase> <!-- testInvalidEmailInvalidPassword -->
=======
<testsuite skipped="0" hostname="DESKTOP-N7G69G5" name="testLoginPageObjects.testLoginPage" tests="1" failures="0" timestamp="25 Jan 2018 05:19:53 GMT" time="15.302" errors="0">
  <testcase name="testInvalidEmailInvalidPassword" time="15.302" classname="testLoginPageObjects.testLoginPage"/>
>>>>>>> fbdd71ccf4b268d7d103579ac4c6a65f394cdc87
</testsuite> <!-- testLoginPageObjects.testLoginPage -->
